[debug] > Exec(;reload; set _root_.org.jetbrains.sbt.StructureKeys.sbtStructureOptions in Global := "download resolveClassifiers resolveSbtClassifiers" ;preferScala2;*/*:dumpStructureTo C:/Users/ACER/AppData/Local/Temp/sbt-structure.xml; session clear-all ; set ideaPort in Global := 64503, None, None)
[debug] > Exec(reload, None, None)
[debug] > Exec(sbtStashOnFailure, None, None)
[debug] > Exec(onFailure loadFailed, None, None)
[debug] > Exec(loadp, None, None)
[info] welcome to sbt 1.6.2 (Temurin Java 1.8.0_352)
[debug]       Load.loadUnit: plugins took 32.905986ms
[debug]       Load.loadUnit: defsScala took 0.012315ms
[debug] [Loading] Scanning directory C:\Users\ACER\.sbt\1.0\plugins
[debug] [Loading] Found non-root projects 
[debug] [Loading] Done in C:\Users\ACER\.sbt\1.0\plugins, returning: ()
[debug] deducing auto plugins based on known facts Set(Atom(sbt.plugins.CorePlugin)) and clauses Clauses(Clause(Atom(sbt.plugins.JvmPlugin),Set(Atom(sbt.plugins.IvyPlugin)))
[debug] Clause(Atom(sbt.ScriptedPlugin),Set(Atom(sbt.plugins.JvmPlugin)))
[debug] Clause(Atom(sbt.plugins.SbtPlugin),Set(Atom(sbt.ScriptedPlugin)))
[debug] Clause(Atom(sbt.plugins.SemanticdbPlugin),Set(Atom(sbt.plugins.JvmPlugin)))
[debug] Clause(Atom(sbt.plugins.JUnitXmlReportPlugin),Set(Atom(sbt.plugins.JvmPlugin)))
[debug] Clause(Atom(sbt.plugins.MiniDependencyTreePlugin),Set(Atom(sbt.plugins.JvmPlugin)))
[debug] Clause(Atom(sbt.plugins.CorePlugin),Set(Atom(sbt.plugins.IvyPlugin)))
[debug] Clause(Atom(sbt.plugins.IvyPlugin),Set(Atom(sbt.plugins.JvmPlugin)))
[debug] Clause(Atom(sbt.plugins.JvmPlugin),Set(Atom(sbt.plugins.SemanticdbPlugin)))
[debug] Clause(Atom(sbt.plugins.JvmPlugin),Set(Atom(sbt.plugins.JUnitXmlReportPlugin)))
[debug] Clause(Atom(sbt.plugins.CorePlugin),Set(Atom(sbt.plugins.Giter8TemplatePlugin)))
[debug] Clause(Atom(sbt.plugins.JvmPlugin),Set(Atom(sbt.plugins.MiniDependencyTreePlugin))))
[debug]   :: deduced result: Matched(sbt.plugins.CorePlugin,sbt.plugins.Giter8TemplatePlugin,sbt.plugins.IvyPlugin,sbt.plugins.JvmPlugin,sbt.plugins.MiniDependencyTreePlugin,sbt.plugins.JUnitXmlReportPlugin,sbt.plugins.SemanticdbPlugin)
[debug] Plugins.deducer#function took 2.067837 ms
[debug]           Load.resolveProject(global-plugins) took 1.386769ms
[debug]         Load.loadTransitive: finalizeProject(Project(id global-plugins, base: C:\Users\ACER\.sbt\1.0\plugins, plugins: List(<none>))) took 4.061778ms
[debug] [Loading] Done in C:\Users\ACER\.sbt\1.0\plugins, returning: (global-plugins)
[debug]       Load.loadUnit: loadedProjectsRaw took 5.534347ms
[debug]       Load.loadUnit: cleanEvalClasses took 0.011085ms
[debug]     Load.loadUnit(file:/C:/Users/ACER/.sbt/1.0/plugins/, ...) took 74.896167ms
[debug]   Load.apply: load took 76.603559ms
[debug]   Load.apply: resolveProjects took 0.150665ms
[debug]   Load.apply: finalTransforms took 10.232446ms
[debug]   Load.apply: config.delegates took 0.513161ms
[debug]   Load.apply: Def.make(settings)... took 89.7483ms
[debug]   Load.apply: structureIndex took 28.270288ms
[debug]   Load.apply: mkStreams took 0.003284ms
[info] loading global plugins from C:\Users\ACER\.sbt\1.0\plugins
[debug] Running task... Cancel: Signal, check cycles: false, forcegc: true
[debug] Load.defaultLoad until apply took 832.542996ms
[debug]           Load.loadUnit: plugins took 33.067324ms
[debug]           Load.loadUnit: defsScala took 0.005747ms
[debug] [Loading] Scanning directory C:\Users\ACER\IdeaProjects\Lesson2_scala\project
[debug]             Load.loadUnit: mkEval took 0.336223ms
[debug] [Loading] Found non-root projects 
[debug] [Loading] Done in C:\Users\ACER\IdeaProjects\Lesson2_scala\project, returning: ()
[debug] deducing auto plugins based on known facts Set(Atom(sbt.plugins.CorePlugin)) and clauses Clauses(Clause(Atom(sbt.plugins.JvmPlugin),Set(Atom(sbt.plugins.IvyPlugin)))
[debug] Clause(Atom(sbt.ScriptedPlugin),Set(Atom(sbt.plugins.JvmPlugin)))
[debug] Clause(Atom(sbt.plugins.SbtPlugin),Set(Atom(sbt.ScriptedPlugin)))
[debug] Clause(Atom(sbt.plugins.SemanticdbPlugin),Set(Atom(sbt.plugins.JvmPlugin)))
[debug] Clause(Atom(sbt.plugins.JUnitXmlReportPlugin),Set(Atom(sbt.plugins.JvmPlugin)))
[debug] Clause(Atom(sbt.plugins.MiniDependencyTreePlugin),Set(Atom(sbt.plugins.JvmPlugin)))
[debug] Clause(Atom(sbt.plugins.CorePlugin),Set(Atom(sbt.plugins.IvyPlugin)))
[debug] Clause(Atom(sbt.plugins.IvyPlugin),Set(Atom(sbt.plugins.JvmPlugin)))
[debug] Clause(Atom(sbt.plugins.JvmPlugin),Set(Atom(sbt.plugins.SemanticdbPlugin)))
[debug] Clause(Atom(sbt.plugins.JvmPlugin),Set(Atom(sbt.plugins.JUnitXmlReportPlugin)))
[debug] Clause(Atom(sbt.plugins.CorePlugin),Set(Atom(sbt.plugins.Giter8TemplatePlugin)))
[debug] Clause(Atom(sbt.plugins.JvmPlugin),Set(Atom(sbt.plugins.MiniDependencyTreePlugin))))
[debug]   :: deduced result: Matched(sbt.plugins.CorePlugin,sbt.plugins.Giter8TemplatePlugin,sbt.plugins.IvyPlugin,sbt.plugins.JvmPlugin,sbt.plugins.MiniDependencyTreePlugin,sbt.plugins.JUnitXmlReportPlugin,sbt.plugins.SemanticdbPlugin)
[debug] Plugins.deducer#function took 2.149122 ms
[info] loading settings for project lesson2_scala-build from idea.sbt ...
[debug]               Load.resolveProject(lesson2_scala-build) took 2.070711ms
[debug]             Load.loadTransitive: finalizeProject(Project(id lesson2_scala-build, base: C:\Users\ACER\IdeaProjects\Lesson2_scala\project, plugins: List(<none>))) took 4.786363ms
[debug] [Loading] Done in C:\Users\ACER\IdeaProjects\Lesson2_scala\project, returning: (lesson2_scala-build)
[debug]           Load.loadUnit: loadedProjectsRaw took 45.910326ms
[debug]           Load.loadUnit: cleanEvalClasses took 1.611738ms
[debug]         Load.loadUnit(file:/C:/Users/ACER/IdeaProjects/Lesson2_scala/project/, ...) took 81.68345ms
[debug]       Load.apply: load took 83.500864ms
[debug]       Load.apply: resolveProjects took 0.168317ms
[debug]       Load.apply: finalTransforms took 10.096971ms
[debug]       Load.apply: config.delegates took 0.479088ms
[debug]       Load.apply: Def.make(settings)... took 79.336043ms
[debug]       Load.apply: structureIndex took 28.32694ms
[debug]       Load.apply: mkStreams took 0.003284ms
[info] loading project definition from C:\Users\ACER\IdeaProjects\Lesson2_scala\project
[debug] Running task... Cancel: Signal, check cycles: false, forcegc: true
[debug]     Load.loadUnit: plugins took 485.572149ms
[debug]     Load.loadUnit: defsScala took 0.004516ms
[debug] [Loading] Scanning directory C:\Users\ACER\IdeaProjects\Lesson2_scala
[debug] [Loading] Found non-root projects 
[debug] [Loading] Done in C:\Users\ACER\IdeaProjects\Lesson2_scala, returning: ()
[debug] deducing auto plugins based on known facts Set(Atom(sbt.plugins.CorePlugin)) and clauses Clauses(Clause(Atom(sbt.plugins.JvmPlugin),Set(Atom(sbt.plugins.IvyPlugin)))
[debug] Clause(Atom(sbt.ScriptedPlugin),Set(Atom(sbt.plugins.JvmPlugin)))
[debug] Clause(Atom(sbt.plugins.SbtPlugin),Set(Atom(sbt.ScriptedPlugin)))
[debug] Clause(Atom(sbt.plugins.SemanticdbPlugin),Set(Atom(sbt.plugins.JvmPlugin)))
[debug] Clause(Atom(sbt.plugins.JUnitXmlReportPlugin),Set(Atom(sbt.plugins.JvmPlugin)))
[debug] Clause(Atom(sbt.plugins.MiniDependencyTreePlugin),Set(Atom(sbt.plugins.JvmPlugin)))
[debug] Clause(Atom(org.jetbrains.sbt.StructurePlugin),Set(Atom(sbt.plugins.JvmPlugin)))
[debug] Clause(Atom(org.jetbrains.sbt.IdeaShellPlugin),Set(Atom(sbt.plugins.JvmPlugin)))
[debug] Clause(Atom(org.jetbrains.sbt.indices.SbtIntellijIndicesPlugin),Set(Atom(sbt.plugins.JvmPlugin)))
[debug] Clause(Atom(sbt.plugins.CorePlugin),Set(Atom(sbt.plugins.IvyPlugin)))
[debug] Clause(Atom(sbt.plugins.IvyPlugin),Set(Atom(sbt.plugins.JvmPlugin)))
[debug] Clause(Atom(sbt.plugins.JvmPlugin),Set(Atom(sbt.plugins.SemanticdbPlugin)))
[debug] Clause(Atom(sbt.plugins.JvmPlugin),Set(Atom(sbt.plugins.JUnitXmlReportPlugin)))
[debug] Clause(Atom(sbt.plugins.CorePlugin),Set(Atom(sbt.plugins.Giter8TemplatePlugin)))
[debug] Clause(Atom(sbt.plugins.JvmPlugin),Set(Atom(sbt.plugins.MiniDependencyTreePlugin)))
[debug] Clause(Atom(sbt.plugins.JvmPlugin),Set(Atom(org.jetbrains.sbt.StructurePlugin)))
[debug] Clause(Atom(sbt.plugins.JvmPlugin),Set(Atom(org.jetbrains.sbt.IdeaShellPlugin)))
[debug] Clause(And(Set(Atom(sbt.plugins.CorePlugin), Atom(sbt.plugins.JvmPlugin))),Set(Atom(org.jetbrains.sbt.indices.SbtIntellijIndicesPlugin))))
[debug]   :: deduced result: Matched(sbt.plugins.CorePlugin,sbt.plugins.Giter8TemplatePlugin,sbt.plugins.IvyPlugin,sbt.plugins.JvmPlugin,sbt.plugins.SemanticdbPlugin,org.jetbrains.sbt.indices.SbtIntellijIndicesPlugin,sbt.plugins.JUnitXmlReportPlugin,org.jetbrains.sbt.IdeaShellPlugin,org.jetbrains.sbt.StructurePlugin,sbt.plugins.MiniDependencyTreePlugin)
[debug] Plugins.deducer#function took 2.686505 ms
[debug]         Load.resolveProject(lesson2_scala) took 46.093423ms
[debug]       Load.loadTransitive: finalizeProject(Project(id lesson2_scala, base: C:\Users\ACER\IdeaProjects\Lesson2_scala, plugins: List(<none>))) took 49.561576ms
[debug] [Loading] Done in C:\Users\ACER\IdeaProjects\Lesson2_scala, returning: (lesson2_scala)
[debug]     Load.loadUnit: loadedProjectsRaw took 51.209851ms
[debug]     Load.loadUnit: cleanEvalClasses took 0.011495ms
[debug]   Load.loadUnit(file:/C:/Users/ACER/IdeaProjects/Lesson2_scala/, ...) took 537.409288ms
[debug] Load.apply: load took 539.20207ms
[debug] Load.apply: resolveProjects took 0.231949ms
[debug] Load.apply: finalTransforms took 25.80629ms
[debug] Load.apply: config.delegates took 0.468824ms
[debug] Load.apply: Def.make(settings)... took 175.475876ms
[debug] Load.apply: structureIndex took 25.323097ms
[debug] Load.apply: mkStreams took 0.004516ms
[warn] Discarding 1 session setting.  Use 'session save' to persist session settings.
[info] set current project to lesson2_scala (in build file:/C:/Users/ACER/IdeaProjects/Lesson2_scala/)
[debug] > Exec(sbtPopOnFailure, None, None)
[debug] > Exec(resumeFromFailure, None, None)
[debug] > Exec(set _root_.org.jetbrains.sbt.StructureKeys.sbtStructureOptions in Global := "download resolveClassifiers resolveSbtClassifiers", None, None)
[info] Defining Global / sbtStructureOptions
[info] The new value will be used by Global / ssOptions
[debug] Defining 
[debug] 	Global / sbtStructureOptions
[debug] 
[debug] The new value will be used by 
[debug] 	Global / ssOptions
[info] Reapplying settings...
[info] set current project to lesson2_scala (in build file:/C:/Users/ACER/IdeaProjects/Lesson2_scala/)
[debug] > Exec(preferScala2, None, None)
[debug] > Exec(*/*:dumpStructureTo C:/Users/ACER/AppData/Local/Temp/sbt-structure.xml, None, None)
[debug] Evaluating tasks: Global / dumpStructureTo
[warn] sbt 0.13 shell syntax is deprecated; use slash syntax instead: Global / dumpStructureTo
[debug] Running task... Cancel: Signal, check cycles: false, forcegc: true
[warn] Unrecognized repository Scala Plugin Bundled Repository, ignoring it
[warn] Unrecognized repository Scala Plugin Bundled Repository, ignoring it
[warn] Unrecognized repository Scala Plugin Bundled Repository, ignoring it
[info] Writing structure to C:\Users\ACER\AppData\Local\Temp\sbt-structure.xml...
[info] Done.
[success] Total time: 19 s, completed 29.11.2022 11:33:21
[debug] > Exec(session clear-all, None, None)
[info] Reapplying settings...
[info] set current project to lesson2_scala (in build file:/C:/Users/ACER/IdeaProjects/Lesson2_scala/)
[debug] > Exec(set ideaPort in Global := 64503, None, None)
[info] Defining Global / ideaPort
[info] The new value will be used by Compile / compile, Test / compile
[debug] Defining 
[debug] 	Global / ideaPort
[debug] 
[debug] The new value will be used by 
[debug] 	Compile / compile
[debug] 	Test / compile
[info] Reapplying settings...
[info] set current project to lesson2_scala (in build file:/C:/Users/ACER/IdeaProjects/Lesson2_scala/)
[debug] > Exec(idea-shell, None, None)
[debug] > Exec(, None, None)
[debug] > Exec(idea-shell, None, None)
