[debug] > Exec(;reload; set _root_.org.jetbrains.sbt.StructureKeys.sbtStructureOptions in Global := "download resolveClassifiers resolveSbtClassifiers" ;preferScala2;*/*:dumpStructureTo C:/Users/ACER/AppData/Local/Temp/sbt-structure.xml; session clear-all ; set ideaPort in Global := 64503, None, None)
[debug] > Exec(reload, None, None)
[debug] > Exec(sbtStashOnFailure, None, None)
[debug] > Exec(onFailure loadFailed, None, None)
[debug] > Exec(loadp, None, None)
[info] welcome to sbt 1.6.2 (Temurin Java 1.8.0_352)
[debug]       Load.loadUnit: plugins took 71.444846ms
[debug]       Load.loadUnit: defsScala took 0.011085ms
[debug] [Loading] Scanning directory C:\Users\ACER\.sbt\1.0\plugins
[debug] [Loading] Found non-root projects 
[debug] [Loading] Done in C:\Users\ACER\.sbt\1.0\plugins, returning: ()
[debug] deducing auto plugins based on known facts Set(Atom(sbt.plugins.CorePlugin)) and clauses Clauses(Clause(Atom(sbt.plugins.JvmPlugin),Set(Atom(sbt.plugins.IvyPlugin)))
[debug] Clause(Atom(sbt.ScriptedPlugin),Set(Atom(sbt.plugins.JvmPlugin)))
[debug] Clause(Atom(sbt.plugins.SbtPlugin),Set(Atom(sbt.ScriptedPlugin)))
[debug] Clause(Atom(sbt.plugins.SemanticdbPlugin),Set(Atom(sbt.plugins.JvmPlugin)))
[debug] Clause(Atom(sbt.plugins.JUnitXmlReportPlugin),Set(Atom(sbt.plugins.JvmPlugin)))
[debug] Clause(Atom(sbt.plugins.MiniDependencyTreePlugin),Set(Atom(sbt.plugins.JvmPlugin)))
[debug] Clause(Atom(sbt.plugins.CorePlugin),Set(Atom(sbt.plugins.IvyPlugin)))
[debug] Clause(Atom(sbt.plugins.IvyPlugin),Set(Atom(sbt.plugins.JvmPlugin)))
[debug] Clause(Atom(sbt.plugins.JvmPlugin),Set(Atom(sbt.plugins.SemanticdbPlugin)))
[debug] Clause(Atom(sbt.plugins.JvmPlugin),Set(Atom(sbt.plugins.JUnitXmlReportPlugin)))
[debug] Clause(Atom(sbt.plugins.CorePlugin),Set(Atom(sbt.plugins.Giter8TemplatePlugin)))
[debug] Clause(Atom(sbt.plugins.JvmPlugin),Set(Atom(sbt.plugins.MiniDependencyTreePlugin))))
[debug]   :: deduced result: Matched(sbt.plugins.CorePlugin,sbt.plugins.Giter8TemplatePlugin,sbt.plugins.IvyPlugin,sbt.plugins.JvmPlugin,sbt.plugins.MiniDependencyTreePlugin,sbt.plugins.JUnitXmlReportPlugin,sbt.plugins.SemanticdbPlugin)
[debug] Plugins.deducer#function took 5.275303 ms
[debug]           Load.resolveProject(global-plugins) took 2.918044ms
[debug]         Load.loadTransitive: finalizeProject(Project(id global-plugins, base: C:\Users\ACER\.sbt\1.0\plugins, plugins: List(<none>))) took 8.828846ms
[debug] [Loading] Done in C:\Users\ACER\.sbt\1.0\plugins, returning: (global-plugins)
[debug]       Load.loadUnit: loadedProjectsRaw took 10.126529ms
[debug]       Load.loadUnit: cleanEvalClasses took 0.013137ms
[debug]     Load.loadUnit(file:/C:/Users/ACER/.sbt/1.0/plugins/, ...) took 82.967586ms
[debug]   Load.apply: load took 84.868337ms
[debug]   Load.apply: resolveProjects took 0.17037ms
[debug]   Load.apply: finalTransforms took 91.909738ms
[debug]   Load.apply: config.delegates took 2.086721ms
[debug]   Load.apply: Def.make(settings)... took 100.947954ms
[debug]   Load.apply: structureIndex took 26.962341ms
[debug]   Load.apply: mkStreams took 0.004105ms
[info] loading global plugins from C:\Users\ACER\.sbt\1.0\plugins
[debug] Running task... Cancel: Signal, check cycles: false, forcegc: true
[debug] Load.defaultLoad until apply took 7562.622774ms
[debug]           Load.loadUnit: plugins took 49.464691ms
[debug]           Load.loadUnit: defsScala took 0.006569ms
[debug] [Loading] Scanning directory C:\Users\ACER\IdeaProjects\Lesson2_scala\project
[debug]             Load.loadUnit: mkEval took 0.368655ms
[debug] [Loading] Found non-root projects 
[debug] [Loading] Done in C:\Users\ACER\IdeaProjects\Lesson2_scala\project, returning: ()
[debug] deducing auto plugins based on known facts Set(Atom(sbt.plugins.CorePlugin)) and clauses Clauses(Clause(Atom(sbt.plugins.JvmPlugin),Set(Atom(sbt.plugins.IvyPlugin)))
[debug] Clause(Atom(sbt.ScriptedPlugin),Set(Atom(sbt.plugins.JvmPlugin)))
[debug] Clause(Atom(sbt.plugins.SbtPlugin),Set(Atom(sbt.ScriptedPlugin)))
[debug] Clause(Atom(sbt.plugins.SemanticdbPlugin),Set(Atom(sbt.plugins.JvmPlugin)))
[debug] Clause(Atom(sbt.plugins.JUnitXmlReportPlugin),Set(Atom(sbt.plugins.JvmPlugin)))
[debug] Clause(Atom(sbt.plugins.MiniDependencyTreePlugin),Set(Atom(sbt.plugins.JvmPlugin)))
[debug] Clause(Atom(sbt.plugins.CorePlugin),Set(Atom(sbt.plugins.IvyPlugin)))
[debug] Clause(Atom(sbt.plugins.IvyPlugin),Set(Atom(sbt.plugins.JvmPlugin)))
[debug] Clause(Atom(sbt.plugins.JvmPlugin),Set(Atom(sbt.plugins.SemanticdbPlugin)))
[debug] Clause(Atom(sbt.plugins.JvmPlugin),Set(Atom(sbt.plugins.JUnitXmlReportPlugin)))
[debug] Clause(Atom(sbt.plugins.CorePlugin),Set(Atom(sbt.plugins.Giter8TemplatePlugin)))
[debug] Clause(Atom(sbt.plugins.JvmPlugin),Set(Atom(sbt.plugins.MiniDependencyTreePlugin))))
[debug]   :: deduced result: Matched(sbt.plugins.CorePlugin,sbt.plugins.Giter8TemplatePlugin,sbt.plugins.IvyPlugin,sbt.plugins.JvmPlugin,sbt.plugins.MiniDependencyTreePlugin,sbt.plugins.JUnitXmlReportPlugin,sbt.plugins.SemanticdbPlugin)
[debug] Plugins.deducer#function took 2.03089 ms
[info] loading settings for project lesson2_scala-build from idea.sbt ...
[debug]               Load.resolveProject(lesson2_scala-build) took 2.078511ms
[debug]             Load.loadTransitive: finalizeProject(Project(id lesson2_scala-build, base: C:\Users\ACER\IdeaProjects\Lesson2_scala\project, plugins: List(<none>))) took 4.671414ms
[debug] [Loading] Done in C:\Users\ACER\IdeaProjects\Lesson2_scala\project, returning: (lesson2_scala-build)
[debug]           Load.loadUnit: loadedProjectsRaw took 152.030129ms
[debug]           Load.loadUnit: cleanEvalClasses took 1.697129ms
[debug]         Load.loadUnit(file:/C:/Users/ACER/IdeaProjects/Lesson2_scala/project/, ...) took 204.751549ms
[debug]       Load.apply: load took 206.504511ms
[debug]       Load.apply: resolveProjects took 0.197054ms
[debug]       Load.apply: finalTransforms took 11.581857ms
[debug]       Load.apply: config.delegates took 0.450761ms
[debug]       Load.apply: Def.make(settings)... took 90.022945ms
[debug]       Load.apply: structureIndex took 27.443482ms
[debug]       Load.apply: mkStreams took 0.003694ms
[info] loading project definition from C:\Users\ACER\IdeaProjects\Lesson2_scala\project
[debug] Running task... Cancel: Signal, check cycles: false, forcegc: true
[debug]     Load.loadUnit: plugins took 957.058623ms
[debug]     Load.loadUnit: defsScala took 0.004926ms
[debug] [Loading] Scanning directory C:\Users\ACER\IdeaProjects\Lesson2_scala
[debug] [Loading] Found non-root projects 
[debug] [Loading] Done in C:\Users\ACER\IdeaProjects\Lesson2_scala, returning: ()
[debug] deducing auto plugins based on known facts Set(Atom(sbt.plugins.CorePlugin)) and clauses Clauses(Clause(Atom(sbt.plugins.JvmPlugin),Set(Atom(sbt.plugins.IvyPlugin)))
[debug] Clause(Atom(sbt.ScriptedPlugin),Set(Atom(sbt.plugins.JvmPlugin)))
[debug] Clause(Atom(sbt.plugins.SbtPlugin),Set(Atom(sbt.ScriptedPlugin)))
[debug] Clause(Atom(sbt.plugins.SemanticdbPlugin),Set(Atom(sbt.plugins.JvmPlugin)))
[debug] Clause(Atom(sbt.plugins.JUnitXmlReportPlugin),Set(Atom(sbt.plugins.JvmPlugin)))
[debug] Clause(Atom(sbt.plugins.MiniDependencyTreePlugin),Set(Atom(sbt.plugins.JvmPlugin)))
[debug] Clause(Atom(org.jetbrains.sbt.StructurePlugin),Set(Atom(sbt.plugins.JvmPlugin)))
[debug] Clause(Atom(org.jetbrains.sbt.IdeaShellPlugin),Set(Atom(sbt.plugins.JvmPlugin)))
[debug] Clause(Atom(org.jetbrains.sbt.indices.SbtIntellijIndicesPlugin),Set(Atom(sbt.plugins.JvmPlugin)))
[debug] Clause(Atom(sbt.plugins.CorePlugin),Set(Atom(sbt.plugins.IvyPlugin)))
[debug] Clause(Atom(sbt.plugins.IvyPlugin),Set(Atom(sbt.plugins.JvmPlugin)))
[debug] Clause(Atom(sbt.plugins.JvmPlugin),Set(Atom(sbt.plugins.SemanticdbPlugin)))
[debug] Clause(Atom(sbt.plugins.JvmPlugin),Set(Atom(sbt.plugins.JUnitXmlReportPlugin)))
[debug] Clause(Atom(sbt.plugins.CorePlugin),Set(Atom(sbt.plugins.Giter8TemplatePlugin)))
[debug] Clause(Atom(sbt.plugins.JvmPlugin),Set(Atom(sbt.plugins.MiniDependencyTreePlugin)))
[debug] Clause(Atom(sbt.plugins.JvmPlugin),Set(Atom(org.jetbrains.sbt.StructurePlugin)))
[debug] Clause(Atom(sbt.plugins.JvmPlugin),Set(Atom(org.jetbrains.sbt.IdeaShellPlugin)))
[debug] Clause(And(Set(Atom(sbt.plugins.CorePlugin), Atom(sbt.plugins.JvmPlugin))),Set(Atom(org.jetbrains.sbt.indices.SbtIntellijIndicesPlugin))))
[debug]   :: deduced result: Matched(sbt.plugins.CorePlugin,sbt.plugins.Giter8TemplatePlugin,sbt.plugins.IvyPlugin,sbt.plugins.JvmPlugin,sbt.plugins.SemanticdbPlugin,org.jetbrains.sbt.indices.SbtIntellijIndicesPlugin,sbt.plugins.JUnitXmlReportPlugin,org.jetbrains.sbt.IdeaShellPlugin,org.jetbrains.sbt.StructurePlugin,sbt.plugins.MiniDependencyTreePlugin)
[debug] Plugins.deducer#function took 11.03421 ms
[debug]         Load.resolveProject(lesson2_scala) took 122.566023ms
[debug]       Load.loadTransitive: finalizeProject(Project(id lesson2_scala, base: C:\Users\ACER\IdeaProjects\Lesson2_scala, plugins: List(<none>))) took 134.913516ms
[debug] [Loading] Done in C:\Users\ACER\IdeaProjects\Lesson2_scala, returning: (lesson2_scala)
[debug]     Load.loadUnit: loadedProjectsRaw took 136.287147ms
[debug]     Load.loadUnit: cleanEvalClasses took 0.012726ms
[debug]   Load.loadUnit(file:/C:/Users/ACER/IdeaProjects/Lesson2_scala/, ...) took 1096.16816ms
[debug] Load.apply: load took 1097.893615ms
[debug] Load.apply: resolveProjects took 0.152307ms
[debug] Load.apply: finalTransforms took 35.024729ms
[debug] Load.apply: config.delegates took 0.439267ms
[debug] Load.apply: Def.make(settings)... took 159.968537ms
[debug] Load.apply: structureIndex took 35.911882ms
[debug] Load.apply: mkStreams took 0.003695ms
[warn] Discarding 1 session setting.  Use 'session save' to persist session settings.
[info] set current project to lesson2_scala (in build file:/C:/Users/ACER/IdeaProjects/Lesson2_scala/)
[debug] > Exec(sbtPopOnFailure, None, None)
[debug] > Exec(resumeFromFailure, None, None)
[debug] > Exec(set _root_.org.jetbrains.sbt.StructureKeys.sbtStructureOptions in Global := "download resolveClassifiers resolveSbtClassifiers", None, None)
[info] Defining Global / sbtStructureOptions
[info] The new value will be used by Global / ssOptions
[debug] Defining 
[debug] 	Global / sbtStructureOptions
[debug] 
[debug] The new value will be used by 
[debug] 	Global / ssOptions
[info] Reapplying settings...
[info] set current project to lesson2_scala (in build file:/C:/Users/ACER/IdeaProjects/Lesson2_scala/)
[debug] > Exec(preferScala2, None, None)
[debug] > Exec(*/*:dumpStructureTo C:/Users/ACER/AppData/Local/Temp/sbt-structure.xml, None, None)
[debug] Evaluating tasks: Global / dumpStructureTo
[warn] sbt 0.13 shell syntax is deprecated; use slash syntax instead: Global / dumpStructureTo
[debug] Running task... Cancel: Signal, check cycles: false, forcegc: true
[warn] Unrecognized repository Scala Plugin Bundled Repository, ignoring it
[warn] Unrecognized repository Scala Plugin Bundled Repository, ignoring it
[warn] Unrecognized repository Scala Plugin Bundled Repository, ignoring it
[info] Writing structure to C:\Users\ACER\AppData\Local\Temp\sbt-structure.xml...
[info] Done.
[success] Total time: 3 s, completed 29.11.2022 11:33:39
[debug] > Exec(session clear-all, None, None)
[info] Reapplying settings...
[info] set current project to lesson2_scala (in build file:/C:/Users/ACER/IdeaProjects/Lesson2_scala/)
[debug] > Exec(set ideaPort in Global := 64503, None, None)
[info] Defining Global / ideaPort
[info] The new value will be used by Compile / compile, Test / compile
[debug] Defining 
[debug] 	Global / ideaPort
[debug] 
[debug] The new value will be used by 
[debug] 	Compile / compile
[debug] 	Test / compile
[info] Reapplying settings...
[info] set current project to lesson2_scala (in build file:/C:/Users/ACER/IdeaProjects/Lesson2_scala/)
[debug] > Exec(idea-shell, None, None)
[debug] > Exec(, None, None)
[debug] > Exec(idea-shell, None, None)
